<?xml version="1.0" encoding="UTF-8"?>
<testsuite xmlns:xsi="http://www.w3.org/2001/XMLSchema-instance" xsi:schemaLocation="https://maven.apache.org/surefire/maven-surefire-plugin/xsd/surefire-test-report.xsd" name="TestSuite" time="10.966" tests="1" errors="0" skipped="0" failures="0">
  <properties>
    <property name="java.runtime.name" value="Java(TM) SE Runtime Environment"/>
    <property name="sun.boot.library.path" value="/Library/Java/JavaVirtualMachines/jdk1.8.0_91.jdk/Contents/Home/jre/lib"/>
    <property name="java.vm.version" value="25.91-b14"/>
    <property name="user.country.format" value="IN"/>
    <property name="gopherProxySet" value="false"/>
    <property name="java.vm.vendor" value="Oracle Corporation"/>
    <property name="maven.multiModuleProjectDirectory" value="/Users/shaw-lt00104/workspace/GO-JEK"/>
    <property name="java.vendor.url" value="http://java.oracle.com/"/>
    <property name="path.separator" value=":"/>
    <property name="guice.disable.misplaced.annotation.check" value="true"/>
    <property name="java.vm.name" value="Java HotSpot(TM) 64-Bit Server VM"/>
    <property name="file.encoding.pkg" value="sun.io"/>
    <property name="user.country" value="US"/>
    <property name="sun.java.launcher" value="SUN_STANDARD"/>
    <property name="sun.os.patch.level" value="unknown"/>
    <property name="java.vm.specification.name" value="Java Virtual Machine Specification"/>
    <property name="user.dir" value="/Users/shaw-lt00104/workspace/GO-JEK"/>
    <property name="java.runtime.version" value="1.8.0_91-b14"/>
    <property name="java.awt.graphicsenv" value="sun.awt.CGraphicsEnvironment"/>
    <property name="basedir" value="/Users/shaw-lt00104/workspace/GO-JEK"/>
    <property name="java.endorsed.dirs" value="/Library/Java/JavaVirtualMachines/jdk1.8.0_91.jdk/Contents/Home/jre/lib/endorsed"/>
    <property name="os.arch" value="x86_64"/>
    <property name="java.io.tmpdir" value="/var/folders/nr/969qz32j507flx8czz7_9zm00000gn/T/"/>
    <property name="line.separator" value="&#10;"/>
    <property name="java.vm.specification.vendor" value="Oracle Corporation"/>
    <property name="os.name" value="Mac OS X"/>
    <property name="classworlds.conf" value="/Users/shaw-lt00104/workspace/.metadata/.plugins/org.eclipse.m2e.launching/launches/m2conf8982409632632571615.tmp"/>
    <property name="sun.jnu.encoding" value="UTF-8"/>
    <property name="java.library.path" value="/Users/shaw-lt00104/Library/Java/Extensions:/Library/Java/Extensions:/Network/Library/Java/Extensions:/System/Library/Java/Extensions:/usr/lib/java:."/>
    <property name="surefire.test.class.path" value="/Users/shaw-lt00104/workspace/GO-JEK/target/test-classes:/Users/shaw-lt00104/workspace/GO-JEK/target/classes:/Users/shaw-lt00104/.m2/repository/info/cukes/cucumber-testng/1.1.6/cucumber-testng-1.1.6.jar:/Users/shaw-lt00104/.m2/repository/info/cukes/cucumber-core/1.1.6/cucumber-core-1.1.6.jar:/Users/shaw-lt00104/.m2/repository/info/cukes/cucumber-html/0.2.3/cucumber-html-0.2.3.jar:/Users/shaw-lt00104/.m2/repository/info/cukes/cucumber-jvm-deps/1.0.3/cucumber-jvm-deps-1.0.3.jar:/Users/shaw-lt00104/.m2/repository/info/cukes/gherkin/2.12.2/gherkin-2.12.2.jar:/Users/shaw-lt00104/.m2/repository/info/cukes/cucumber-java/1.1.7/cucumber-java-1.1.7.jar:/Users/shaw-lt00104/.m2/repository/org/ini4j/ini4j/0.5.4/ini4j-0.5.4.jar:/Users/shaw-lt00104/.m2/repository/org/seleniumhq/selenium/selenium-java/2.52.0/selenium-java-2.52.0.jar:/Users/shaw-lt00104/.m2/repository/org/seleniumhq/selenium/selenium-chrome-driver/2.52.0/selenium-chrome-driver-2.52.0.jar:/Users/shaw-lt00104/.m2/repository/org/seleniumhq/selenium/selenium-remote-driver/2.52.0/selenium-remote-driver-2.52.0.jar:/Users/shaw-lt00104/.m2/repository/cglib/cglib-nodep/2.1_3/cglib-nodep-2.1_3.jar:/Users/shaw-lt00104/.m2/repository/com/google/code/gson/gson/2.3.1/gson-2.3.1.jar:/Users/shaw-lt00104/.m2/repository/org/seleniumhq/selenium/selenium-api/2.52.0/selenium-api-2.52.0.jar:/Users/shaw-lt00104/.m2/repository/com/google/guava/guava/19.0/guava-19.0.jar:/Users/shaw-lt00104/.m2/repository/org/seleniumhq/selenium/selenium-edge-driver/2.52.0/selenium-edge-driver-2.52.0.jar:/Users/shaw-lt00104/.m2/repository/commons-io/commons-io/2.4/commons-io-2.4.jar:/Users/shaw-lt00104/.m2/repository/org/apache/commons/commons-exec/1.3/commons-exec-1.3.jar:/Users/shaw-lt00104/.m2/repository/org/seleniumhq/selenium/selenium-htmlunit-driver/2.52.0/selenium-htmlunit-driver-2.52.0.jar:/Users/shaw-lt00104/.m2/repository/net/sourceforge/htmlunit/htmlunit/2.18/htmlunit-2.18.jar:/Users/shaw-lt00104/.m2/repository/xalan/xalan/2.7.2/xalan-2.7.2.jar:/Users/shaw-lt00104/.m2/repository/xalan/serializer/2.7.2/serializer-2.7.2.jar:/Users/shaw-lt00104/.m2/repository/org/apache/commons/commons-lang3/3.4/commons-lang3-3.4.jar:/Users/shaw-lt00104/.m2/repository/org/apache/httpcomponents/httpmime/4.5/httpmime-4.5.jar:/Users/shaw-lt00104/.m2/repository/net/sourceforge/htmlunit/htmlunit-core-js/2.17/htmlunit-core-js-2.17.jar:/Users/shaw-lt00104/.m2/repository/xerces/xercesImpl/2.11.0/xercesImpl-2.11.0.jar:/Users/shaw-lt00104/.m2/repository/net/sourceforge/nekohtml/nekohtml/1.9.22/nekohtml-1.9.22.jar:/Users/shaw-lt00104/.m2/repository/net/sourceforge/cssparser/cssparser/0.9.16/cssparser-0.9.16.jar:/Users/shaw-lt00104/.m2/repository/org/w3c/css/sac/1.3/sac-1.3.jar:/Users/shaw-lt00104/.m2/repository/commons-logging/commons-logging/1.2/commons-logging-1.2.jar:/Users/shaw-lt00104/.m2/repository/org/eclipse/jetty/websocket/websocket-client/9.2.12.v20150709/websocket-client-9.2.12.v20150709.jar:/Users/shaw-lt00104/.m2/repository/org/eclipse/jetty/jetty-util/9.2.12.v20150709/jetty-util-9.2.12.v20150709.jar:/Users/shaw-lt00104/.m2/repository/org/eclipse/jetty/jetty-io/9.2.12.v20150709/jetty-io-9.2.12.v20150709.jar:/Users/shaw-lt00104/.m2/repository/org/eclipse/jetty/websocket/websocket-common/9.2.12.v20150709/websocket-common-9.2.12.v20150709.jar:/Users/shaw-lt00104/.m2/repository/org/eclipse/jetty/websocket/websocket-api/9.2.12.v20150709/websocket-api-9.2.12.v20150709.jar:/Users/shaw-lt00104/.m2/repository/commons-collections/commons-collections/3.2.2/commons-collections-3.2.2.jar:/Users/shaw-lt00104/.m2/repository/org/apache/httpcomponents/httpclient/4.5.1/httpclient-4.5.1.jar:/Users/shaw-lt00104/.m2/repository/org/apache/httpcomponents/httpcore/4.4.3/httpcore-4.4.3.jar:/Users/shaw-lt00104/.m2/repository/org/seleniumhq/selenium/selenium-firefox-driver/2.52.0/selenium-firefox-driver-2.52.0.jar:/Users/shaw-lt00104/.m2/repository/org/seleniumhq/selenium/selenium-ie-driver/2.52.0/selenium-ie-driver-2.52.0.jar:/Users/shaw-lt00104/.m2/repository/net/java/dev/jna/jna/4.1.0/jna-4.1.0.jar:/Users/shaw-lt00104/.m2/repository/net/java/dev/jna/jna-platform/4.1.0/jna-platform-4.1.0.jar:/Users/shaw-lt00104/.m2/repository/org/seleniumhq/selenium/selenium-safari-driver/2.52.0/selenium-safari-driver-2.52.0.jar:/Users/shaw-lt00104/.m2/repository/org/seleniumhq/selenium/selenium-support/2.52.0/selenium-support-2.52.0.jar:/Users/shaw-lt00104/.m2/repository/org/webbitserver/webbit/0.4.14/webbit-0.4.14.jar:/Users/shaw-lt00104/.m2/repository/io/netty/netty/3.5.2.Final/netty-3.5.2.Final.jar:/Users/shaw-lt00104/.m2/repository/org/seleniumhq/selenium/selenium-leg-rc/2.52.0/selenium-leg-rc-2.52.0.jar:/Users/shaw-lt00104/.m2/repository/org/mongodb/mongodb-driver/3.4.0/mongodb-driver-3.4.0.jar:/Users/shaw-lt00104/.m2/repository/org/mongodb/mongodb-driver-core/3.4.0/mongodb-driver-core-3.4.0.jar:/Users/shaw-lt00104/.m2/repository/org/mongodb/bson/3.4.0/bson-3.4.0.jar:/Users/shaw-lt00104/.m2/repository/org/apache/poi/poi-ooxml/3.9/poi-ooxml-3.9.jar:/Users/shaw-lt00104/.m2/repository/org/apache/poi/poi/3.9/poi-3.9.jar:/Users/shaw-lt00104/.m2/repository/commons-codec/commons-codec/1.5/commons-codec-1.5.jar:/Users/shaw-lt00104/.m2/repository/org/apache/poi/poi-ooxml-schemas/3.9/poi-ooxml-schemas-3.9.jar:/Users/shaw-lt00104/.m2/repository/org/apache/xmlbeans/xmlbeans/2.3.0/xmlbeans-2.3.0.jar:/Users/shaw-lt00104/.m2/repository/stax/stax-api/1.0.1/stax-api-1.0.1.jar:/Users/shaw-lt00104/.m2/repository/dom4j/dom4j/1.6.1/dom4j-1.6.1.jar:/Users/shaw-lt00104/.m2/repository/org/testng/testng/6.8/testng-6.8.jar:/Users/shaw-lt00104/.m2/repository/junit/junit/4.10/junit-4.10.jar:/Users/shaw-lt00104/.m2/repository/org/hamcrest/hamcrest-core/1.1/hamcrest-core-1.1.jar:/Users/shaw-lt00104/.m2/repository/org/beanshell/bsh/2.0b4/bsh-2.0b4.jar:/Users/shaw-lt00104/.m2/repository/com/beust/jcommander/1.27/jcommander-1.27.jar:/Users/shaw-lt00104/.m2/repository/org/yaml/snakeyaml/1.6/snakeyaml-1.6.jar:/Users/shaw-lt00104/.m2/repository/mysql/mysql-connector-java/5.0.8/mysql-connector-java-5.0.8.jar:/Users/shaw-lt00104/.m2/repository/org/json/json/20160212/json-20160212.jar:/Users/shaw-lt00104/.m2/repository/com/googlecode/json-simple/json-simple/1.1.1/json-simple-1.1.1.jar:/Users/shaw-lt00104/.m2/repository/xml-apis/xml-apis/1.4.01/xml-apis-1.4.01.jar:/Users/shaw-lt00104/.m2/repository/com/relevantcodes/extentreports/2.41.0/extentreports-2.41.0.jar:/Users/shaw-lt00104/.m2/repository/org/jsoup/jsoup/1.8.3/jsoup-1.8.3.jar:/Users/shaw-lt00104/.m2/repository/org/xerial/sqlite-jdbc/3.8.11.1/sqlite-jdbc-3.8.11.1.jar:/Users/shaw-lt00104/.m2/repository/org/freemarker/freemarker/2.3.23/freemarker-2.3.23.jar:/Users/shaw-lt00104/.m2/repository/org/apache/maven/surefire/surefire-testng-utils/2.19.1/surefire-testng-utils-2.19.1.jar:/Users/shaw-lt00104/.m2/repository/org/apache/maven/surefire/surefire-grouper/2.19.1/surefire-grouper-2.19.1.jar:"/>
    <property name="java.specification.name" value="Java Platform API Specification"/>
    <property name="java.class.version" value="52.0"/>
    <property name="sun.management.compiler" value="HotSpot 64-Bit Tiered Compilers"/>
    <property name="os.version" value="10.11.1"/>
    <property name="http.nonProxyHosts" value="local|*.local|169.254/16|*.169.254/16"/>
    <property name="user.home" value="/Users/shaw-lt00104"/>
    <property name="user.timezone" value="Asia/Kolkata"/>
    <property name="java.awt.printerjob" value="sun.lwawt.macosx.CPrinterJob"/>
    <property name="java.specification.version" value="1.8"/>
    <property name="file.encoding" value="UTF-8"/>
    <property name="user.name" value="shaw-lt00104"/>
    <property name="java.class.path" value="/Users/shaw-lt00104/Downloads/Eclipse.app/Contents/Eclipse/plugins/org.eclipse.m2e.maven.runtime_1.6.2.20150902-0001/jars/plexus-classworlds-2.5.2.jar"/>
    <property name="java.vm.specification.version" value="1.8"/>
    <property name="sun.arch.data.model" value="64"/>
    <property name="java.home" value="/Library/Java/JavaVirtualMachines/jdk1.8.0_91.jdk/Contents/Home/jre"/>
    <property name="sun.java.command" value="org.codehaus.plexus.classworlds.launcher.Launcher -B test"/>
    <property name="java.specification.vendor" value="Oracle Corporation"/>
    <property name="user.language" value="en"/>
    <property name="awt.toolkit" value="sun.lwawt.macosx.LWCToolkit"/>
    <property name="java.vm.info" value="mixed mode"/>
    <property name="java.version" value="1.8.0_91"/>
    <property name="java.ext.dirs" value="/Users/shaw-lt00104/Library/Java/Extensions:/Library/Java/JavaVirtualMachines/jdk1.8.0_91.jdk/Contents/Home/jre/lib/ext:/Library/Java/Extensions:/Network/Library/Java/Extensions:/System/Library/Java/Extensions:/usr/lib/java"/>
    <property name="sun.boot.class.path" value="/Library/Java/JavaVirtualMachines/jdk1.8.0_91.jdk/Contents/Home/jre/lib/resources.jar:/Library/Java/JavaVirtualMachines/jdk1.8.0_91.jdk/Contents/Home/jre/lib/rt.jar:/Library/Java/JavaVirtualMachines/jdk1.8.0_91.jdk/Contents/Home/jre/lib/sunrsasign.jar:/Library/Java/JavaVirtualMachines/jdk1.8.0_91.jdk/Contents/Home/jre/lib/jsse.jar:/Library/Java/JavaVirtualMachines/jdk1.8.0_91.jdk/Contents/Home/jre/lib/jce.jar:/Library/Java/JavaVirtualMachines/jdk1.8.0_91.jdk/Contents/Home/jre/lib/charsets.jar:/Library/Java/JavaVirtualMachines/jdk1.8.0_91.jdk/Contents/Home/jre/lib/jfr.jar:/Library/Java/JavaVirtualMachines/jdk1.8.0_91.jdk/Contents/Home/jre/classes"/>
    <property name="java.vendor" value="Oracle Corporation"/>
    <property name="maven.home" value="/Users/shaw-lt00104/workspace/GO-JEK/EMBEDDED"/>
    <property name="localRepository" value="/Users/shaw-lt00104/.m2/repository"/>
    <property name="file.separator" value="/"/>
    <property name="java.vendor.url.bug" value="http://bugreport.sun.com/bugreport/"/>
    <property name="sun.cpu.endian" value="little"/>
    <property name="sun.io.unicode.encoding" value="UnicodeBig"/>
    <property name="socksNonProxyHosts" value="local|*.local|169.254/16|*.169.254/16"/>
    <property name="ftp.nonProxyHosts" value="local|*.local|169.254/16|*.169.254/16"/>
    <property name="sun.cpu.isalist" value=""/>
  </properties>
  <testcase name="run_cukes" classname="Engine.TestngTestRunner" time="6.476"/>
</testsuite>