<?xml version="1.0" encoding="UTF-8"?>
<!-- Generated by org.testng.reporters.JUnitReportReporter -->
<testsuite hostname="SHAW-LT00104s-MacBook-Pro.local" name="Engine.TestngTestRunner" tests="1" failures="0" timestamp="2 Feb 2017 20:28:46 GMT" time="0.596" errors="0">
  <testcase name="run_cukes" time="0.596" classname="Engine.TestngTestRunner"/>
</testsuite> <!-- Engine.TestngTestRunner -->
