<?xml version="1.0" encoding="UTF-8"?>
<!-- Generated by org.testng.reporters.JUnitReportReporter -->
<testsuite hostname="SHAW-LT00104s-MacBook-Pro.local" name="Engine.TestngTestRunner" tests="1" failures="0" timestamp="5 Feb 2017 09:22:41 GMT" time="12.775" errors="0">
  <testcase name="run_cukes" time="12.775" classname="Engine.TestngTestRunner"/>
</testsuite> <!-- Engine.TestngTestRunner -->
