<?xml version="1.0" encoding="UTF-8"?>
<!-- Generated by org.testng.reporters.JUnitReportReporter -->
<testsuite hostname="CAP-LAP-803" name="Engine.TestngTestRunner" tests="1" failures="0" timestamp="16 Oct 2017 09:09:58 GMT" time="56.735" errors="0">
  <testcase name="run_cukes" time="56.735" classname="Engine.TestngTestRunner"/>
</testsuite> <!-- Engine.TestngTestRunner -->
