<?xml version="1.0" encoding="UTF-8"?>
<!-- Generated by org.testng.reporters.JUnitReportReporter -->
<testsuite hostname="SHAW-LT00104s-MacBook-Pro.local" name="Engine.TestngTestRunner" tests="1" failures="0" timestamp="5 Feb 2017 13:55:53 GMT" time="43.185" errors="0">
  <testcase name="run_cukes" time="43.185" classname="Engine.TestngTestRunner"/>
</testsuite> <!-- Engine.TestngTestRunner -->
