<?xml version="1.0" encoding="UTF-8"?>
<!-- Generated by org.testng.reporters.JUnitReportReporter -->
<testsuite hostname="SHAW-LT00104s-MacBook-Pro.local" name="Engine.TestngTestRunner" tests="1" failures="0" timestamp="5 Feb 2017 07:18:55 GMT" time="10.310" errors="0">
  <testcase name="run_cukes" time="10.310" classname="Engine.TestngTestRunner"/>
</testsuite> <!-- Engine.TestngTestRunner -->
